
 ANSYS Academic Research                           


 *------------------------------------------------------------------*
 |                                                                  |
 |   W E L C O M E   T O   T H E   A N S Y S (R)  P R O G R A M     |
 |                                                                  |
 *------------------------------------------------------------------*




 ***************************************************************
 *            ANSYS Release 16.1     LEGAL NOTICES             *
 ***************************************************************
 *                                                             *
 * Copyright 2015 SAS IP, Inc.  All rights reserved.           *
 * Unauthorized use, distribution or duplication is            *
 * prohibited.                                                 *
 *                                                             *
 * Ansys is a registered trademark of ANSYS, Inc. or its       *
 * subsidiaries in the United States or other countries.       *
 * See the ANSYS, Inc. online documentation or the ANSYS, Inc. *
 * documentation CD or online help for the complete Legal      *
 * Notice.                                                     *
 *                                                             *
 ***************************************************************
 *                                                             *
 * THIS ANSYS SOFTWARE PRODUCT AND PROGRAM DOCUMENTATION       *
 * INCLUDE TRADE SECRETS AND CONFIDENTIAL AND PROPRIETARY      *
 * PRODUCTS OF ANSYS, INC., ITS SUBSIDIARIES, OR LICENSORS.    *
 * The software products and documentation are furnished by    *
 * ANSYS, Inc. or its subsidiaries under a software license    *
 * agreement that contains provisions concerning               *
 * non-disclosure, copying, length and nature of use,          *
 * compliance with exporting laws, warranties, disclaimers,    *
 * limitations of liability, and remedies, and other           *
 * provisions.  The software products and documentation may be *
 * used, disclosed, transferred, or copied only in accordance  *
 * with the terms and conditions of that software license      *
 * agreement.                                                  *
 *                                                             *
 * ANSYS, Inc. is a UL registered                              *
 * ISO 9001:2008 company.                                      *
 *                                                             *
 ***************************************************************
 *                                                             *
 * This product is subject to U.S. laws governing export and   *
 * re-export.                                                  *
 *                                                             *
 * For U.S. Government users, except as specifically granted   *
 * by the ANSYS, Inc. software license agreement, the use,     *
 * duplication, or disclosure by the United States Government  *
 * is subject to restrictions stated in the ANSYS, Inc.        *
 * software license agreement and FAR 12.212 (for non-DOD      *
 * licenses).                                                  *
 *                                                             *
 ***************************************************************

 Release 16.1
     
 Point Releases and Patches installed:   
     
 ANSYS, Inc. Products Release 16.1   
 ANSYS Mechanical Products Release 16.1  
 ANSYS Customization Files for User Programmable Features Release 16.1   
 ANSYS Autodyn Release 16.1  
 ANSYS CFX (includes ANSYS CFD-Post) Release 16.1
 ANSYS Fluent (includes ANSYS CFD-Post) Release 16.1 
 ANSYS TurboGrid Release 16.1
 ANSYS Polyflow (includes ANSYS CFD-Post) Release 16.1   
 ANSYS CFD-Post only Release 16.1
 ANSYS ICEM CFD Release 16.1 
 ANSYS Composite PrepPost Release 16.1   
 ANSYS Icepak (includes ANSYS CFD-Post) Release 16.1 
 ANSYS, Inc. License Manager Release 16.1


          *****  ANSYS COMMAND LINE ARGUMENTS  *****
  BATCH MODE REQUESTED (-b)    = NOLIST
  INPUT FILE COPY MODE (-c)    = COPY
  SHARED MEMORY PARALLEL REQUESTED
    SINGLE PROCESS WITH   2 THREADS REQUESTED
    TOTAL OF     2 CORES REQUESTED
  DESIGNXPLORER REQUESTED
  START-UP FILE MODE           = NOREAD
  STOP FILE MODE               = NOREAD

 RELEASE= Release 16.1         BUILD= 16.1      UP20150325   VERSION=WINDOWS x64 
 CURRENT JOBNAME=file  12:52:00  FEB 10, 2016 CP=      1.201


 PARAMETER _DS_PROGRESS =     999.0000000    

 /INPUT FILE= ds.dat  LINE=       0



 DO NOT WRITE ELEMENT RESULTS INTO DATABASE

 *GET  _WALLSTRT  FROM  ACTI  ITEM=TIME WALL  VALUE=  12.8666667    

 TITLE= 
 WingTieRodBracketAnalysis--Static Structural (B5)                             


 SET PARAMETER DIMENSIONS ON  _WB_PROJECTSCRATCH_DIR
  TYPE=STRI  DIMENSIONS=      248        1        1

 PARAMETER _WB_PROJECTSCRATCH_DIR(1) = C:\Users\hughest1\EngineeringWorkspace\RGP005_AeroMounts\_ProjectScratch\Scr9D50\

 SET PARAMETER DIMENSIONS ON  _WB_SOLVERFILES_DIR
  TYPE=STRI  DIMENSIONS=      248        1        1

 PARAMETER _WB_SOLVERFILES_DIR(1) = C:\Users\hughest1\EngineeringWorkspace\RGP005_AeroMounts\WingTieRodBracketAnalysis_files\dp0\SYS\MECH\

 SET PARAMETER DIMENSIONS ON  _WB_USERFILES_DIR
  TYPE=STRI  DIMENSIONS=      248        1        1

 PARAMETER _WB_USERFILES_DIR(1) = C:\Users\hughest1\EngineeringWorkspace\RGP005_AeroMounts\WingTieRodBracketAnalysis_files\user_files\
 --- Data in consistent BIN units. See Solving Units in the help system for more

 U.S. CUSTOMARY INCH UNITS SPECIFIED FOR INTERNAL    
  LENGTH      = INCHES (IN)
  MASS        = LBF-S**2/IN 
  TIME        = SECONDS (SEC)  
  TEMPERATURE = FAHRENHEIT
  TOFFSET     = 460.0
  FORCE       = LBF
  HEAT        = IN-LBF
  PRESSURE    = PSI (LBF/IN**2)
  ENERGY      = IN-LBF
  POWER       = IN-LBF/SEC

 INPUT  UNITS ARE ALSO SET TO BIN 

 *** ANSYS - ENGINEERING ANALYSIS SYSTEM  RELEASE Release 16.1     16.1     ***
 ANSYS Academic Research                           
 00202440  VERSION=WINDOWS x64   12:52:00  FEB 10, 2016 CP=      1.279

 WingTieRodBracketAnalysis--Static Structural (B5)                             



          ***** ANSYS ANALYSIS DEFINITION (PREP7) *****
 *********** Nodes for the whole assembly ***********
 *********** Elements for Body 1 "Bottom Wing to Rod End Bracket" ***********
 *********** Send User Defined Coordinate System(s) ***********
 *********** Set Reference Temperature ***********
 *********** Send Materials ***********
 *********** Fixed Supports ***********
 ********* Frictionless Supports X *********
 *********** Node Rotations ***********
 *********** Create Bearing Load ***********
 *********** Create Bearing Load ***********


 ***** ROUTINE COMPLETED *****  CP =         3.120


 --- Number of total nodes = 159419
 --- Number of contact elements = 3204
 --- Number of spring elements = 0
 --- Number of bearing elements = 0
 --- Number of solid elements = 107339
 --- Number of total elements = 110543

 *GET  _WALLBSOL  FROM  ACTI  ITEM=TIME WALL  VALUE=  12.8669444    
 ****************************************************************************
 *************************    SOLUTION       ********************************
 ****************************************************************************

 *****  ANSYS SOLUTION ROUTINE  *****


 PERFORM A STATIC ANALYSIS
  THIS WILL BE A NEW ANALYSIS

 USE PRECONDITIONED CONJUGATE GRADIENT SOLVER
  CONVERGENCE TOLERANCE = 1.00000E-08
  MAXIMUM ITERATION     = NumNode*DofPerNode*  1.0000    

 CONTACT INFORMATION PRINTOUT LEVEL       1

 NLDIAG: Nonlinear diagnostics CONT option is set to ON. 
         Writing frequency : each ITERATION.

 DO NOT SAVE ANY RESTART FILES AT ALL
 ****************************************************
 ******************* SOLVE FOR LS 1 ****************

 SELECT       FOR ITEM=TYPE COMPONENT=    
  IN RANGE         2 TO          2 STEP          1

       1548  ELEMENTS (OF     110543  DEFINED) SELECTED BY  ESEL  COMMAND.

 SPECIFIED SURFACE LOAD PRES FOR ALL SELECTED ELEMENTS  LKEY =  5   KVAL = 1
     VALUES =     0.0000         1.0000         0.0000         0.0000    

 COORDINATE SYSTEM     11 DEFINITION.  TYPE= 0  (CARTESIAN)  
   XC,YC,ZC=  0.0000      0.0000      0.0000    
   ANGLES=   90.00    0.00    0.00   PARAMETERS=   1.000   1.000
   ORIENTATION=  0.00  1.00  0.00  -1.00  0.00  0.00   0.00  0.00  1.00

 ACTIVE COORDINATE SYSTEM SET TO     11  (CARTESIAN)  

 ACTIVE COORDINATE SYSTEM SET TO      0  (CARTESIAN)  

 PARAMETER _V1 =     0.000000000    

 PARAMETER _V2 =     1.000000000    

 PARAMETER _V3 =     0.000000000    

 *GET  _NECURR   FROM  ELEM  ITEM=COUN           VALUE=  1548.00000    

 PARAMETER _ECURR =     0.000000000    

 PARAMETER _TOTAL =     0.000000000    

 *DO LOOP ON PARAMETER= _I FROM  1.0000     TO  1548.0     BY  1.0000    

 PARAMETER _ECURR =     107340.0000    

 PARAMETER _NORMX =    0.7745735764    

 PARAMETER _NORMY =   -0.6324197467    

 PARAMETER _NORMZ =    0.9002152773E-02

 PARAMETER _NORMMAG =     1.000000000    

 PARAMETER _NORMX =    0.7745735764    

 PARAMETER _NORMY =   -0.6324197467    

 PARAMETER _NORMZ =    0.9002152773E-02

 PARAMETER _DOT =   -0.6324197467    

 *IF  _dot                              ( = -0.632420     )  GT  
      -.00001                           ( = -0.100000E-04 )  THEN    

 *ELSE

 ACTIVE COORDINATE SYSTEM SET TO     11  (CARTESIAN)  

 *GET  _INDD     FROM  ELEM  107340  ITEM=APRO X         VALUE= 0.340914627E-04

 ACTIVE COORDINATE SYSTEM SET TO      0  (CARTESIAN)  

 PARAMETER _TOTAL =    0.3409146266E-04

 *ENDIF

 *ENDDO  INDEX= _I                              

 *GET  _NECURR   FROM  ELEM  ITEM=COUN           VALUE=  758.000000    

 *IF  _necurr                           ( =   758.000     )  EQ  
      0                                 ( =   0.00000     )  THEN    

 *ENDIF

 PARAMETER _MAG =     99.99999776    

 PARAMETER _MAG =     4337.241881    

 SPECIFIED SURFACE LOAD PRES FOR ALL SELECTED ELEMENTS  LKEY =  5   KVAL = 1
     VALUES =     4337.2         0.0000         100.00         0.0000    

 ALL SELECT   FOR ITEM=NODE COMPONENT=    
  IN RANGE         1 TO     159419 STEP          1

     159419  NODES (OF     159419  DEFINED) SELECTED BY NSEL  COMMAND.

 ALL SELECT   FOR ITEM=ELEM COMPONENT=    
  IN RANGE         1 TO     110543 STEP          1

     110543  ELEMENTS (OF     110543  DEFINED) SELECTED BY  ESEL  COMMAND.

 SELECT       FOR ITEM=TYPE COMPONENT=    
  IN RANGE         3 TO          3 STEP          1

       1656  ELEMENTS (OF     110543  DEFINED) SELECTED BY  ESEL  COMMAND.

 SPECIFIED SURFACE LOAD PRES FOR ALL SELECTED ELEMENTS  LKEY =  5   KVAL = 1
     VALUES =     0.0000         1.0000         0.0000         0.0000    

 COORDINATE SYSTEM     11 DEFINITION.  TYPE= 0  (CARTESIAN)  
   XC,YC,ZC=  0.0000      0.0000      0.0000    
   ANGLES=   90.00    0.00    0.00   PARAMETERS=   1.000   1.000
   ORIENTATION=  0.00  1.00  0.00  -1.00  0.00  0.00   0.00  0.00  1.00

 ACTIVE COORDINATE SYSTEM SET TO     11  (CARTESIAN)  

 ACTIVE COORDINATE SYSTEM SET TO      0  (CARTESIAN)  

 PARAMETER _V1 =     0.000000000    

 PARAMETER _V2 =     1.000000000    

 PARAMETER _V3 =     0.000000000    

 *GET  _NECURR   FROM  ELEM  ITEM=COUN           VALUE=  1656.00000    

 PARAMETER _ECURR =     0.000000000    

 PARAMETER _TOTAL =     0.000000000    

 *DO LOOP ON PARAMETER= _I FROM  1.0000     TO  1656.0     BY  1.0000    

 PARAMETER _ECURR =     108888.0000    

 PARAMETER _NORMX =    0.6755932822    

 PARAMETER _NORMY =   -0.7372488530    

 PARAMETER _NORMZ =    0.6151894208E-02

 PARAMETER _NORMMAG =     1.000000000    

 PARAMETER _NORMX =    0.6755932822    

 PARAMETER _NORMY =   -0.7372488530    

 PARAMETER _NORMZ =    0.6151894208E-02

 PARAMETER _DOT =   -0.7372488530    

 *IF  _dot                              ( = -0.737249     )  GT  
      -.00001                           ( = -0.100000E-04 )  THEN    

 *ELSE

 ACTIVE COORDINATE SYSTEM SET TO     11  (CARTESIAN)  

 *GET  _INDD     FROM  ELEM  108888  ITEM=APRO X         VALUE= 0.250889757E-04

 ACTIVE COORDINATE SYSTEM SET TO      0  (CARTESIAN)  

 PARAMETER _TOTAL =    0.2508897573E-04

 *ENDIF

 *ENDDO  INDEX= _I                              

 *GET  _NECURR   FROM  ELEM  ITEM=COUN           VALUE=  866.000000    

 *IF  _necurr                           ( =   866.000     )  EQ  
      0                                 ( =   0.00000     )  THEN    

 *ENDIF

 PARAMETER _MAG =     99.99999776    

 PARAMETER _MAG =     4337.724865    

 SPECIFIED SURFACE LOAD PRES FOR ALL SELECTED ELEMENTS  LKEY =  5   KVAL = 1
     VALUES =     4337.7         0.0000         100.00         0.0000    

 ALL SELECT   FOR ITEM=NODE COMPONENT=    
  IN RANGE         1 TO     159419 STEP          1

     159419  NODES (OF     159419  DEFINED) SELECTED BY NSEL  COMMAND.

 ALL SELECT   FOR ITEM=ELEM COMPONENT=    
  IN RANGE         1 TO     110543 STEP          1

     110543  ELEMENTS (OF     110543  DEFINED) SELECTED BY  ESEL  COMMAND.

 PRINTOUT RESUMED BY /GOP

 USE       1 SUBSTEPS INITIALLY THIS LOAD STEP FOR ALL  DEGREES OF FREEDOM
 FOR AUTOMATIC TIME STEPPING:
   USE      1 SUBSTEPS AS A MAXIMUM
   USE      1 SUBSTEPS AS A MINIMUM

 TIME=  1.0000    

 ERASE THE CURRENT DATABASE OUTPUT CONTROL TABLE.


 WRITE ALL  ITEMS TO THE DATABASE WITH A FREQUENCY OF NONE
   FOR ALL APPLICABLE ENTITIES

 WRITE NSOL ITEMS TO THE DATABASE WITH A FREQUENCY OF ALL 
   FOR ALL APPLICABLE ENTITIES

 WRITE RSOL ITEMS TO THE DATABASE WITH A FREQUENCY OF ALL 
   FOR ALL APPLICABLE ENTITIES

 WRITE STRS ITEMS TO THE DATABASE WITH A FREQUENCY OF ALL 
   FOR ALL APPLICABLE ENTITIES

 WRITE EPEL ITEMS TO THE DATABASE WITH A FREQUENCY OF ALL 
   FOR ALL APPLICABLE ENTITIES

 WRITE EPPL ITEMS TO THE DATABASE WITH A FREQUENCY OF ALL 
   FOR ALL APPLICABLE ENTITIES

 NONLINEAR STABILIZATION CONTROL:
 KEY=OFF 


 *GET  ANSINTER_  FROM  ACTI  ITEM=INT        VALUE=  0.00000000    

 *IF  ANSINTER_                         ( =   0.00000     )  NE  
      0                                 ( =   0.00000     )  THEN    

 *ENDIF

 *****  ANSYS SOLVE    COMMAND  *****

 *** WARNING ***                         CP =       3.931   TIME= 12:52:01
 Element shape checking is currently inactive.  Issue SHPP,ON or         
 SHPP,WARN to reactivate, if desired.                                    

 *** NOTE ***                            CP =       5.366   TIME= 12:52:02
 The model data was checked and warning messages were found.             
  Please review output or errors file (                                  
 C:\Users\hughest1\EngineeringWorkspace\RGP005_AeroMounts\_ProjectScratc 
 ch\Scr9D50\file.err ) for these warning messages.                       

 *** SELECTION OF ELEMENT TECHNOLOGIES FOR APPLICABLE ELEMENTS ***
      --- GIVE SUGGESTIONS AND RESET THE KEY OPTIONS ---

 ELEMENT TYPE    1 IS SOLID187. IT IS NOT ASSOCIATED WITH FULLY INCOMPRESSIBLE
 HYPERELASTIC MATERIALS. NO SUGGESTION IS AVAILABLE AND NO RESETTING IS NEEDED.



 *** ANSYS - ENGINEERING ANALYSIS SYSTEM  RELEASE Release 16.1     16.1     ***
 ANSYS Academic Research                           
 00202440  VERSION=WINDOWS x64   12:52:02  FEB 10, 2016 CP=      5.429

 WingTieRodBracketAnalysis--Static Structural (B5)                             



                       S O L U T I O N   O P T I O N S

   PROBLEM DIMENSIONALITY. . . . . . . . . . . . .3-D                  
   DEGREES OF FREEDOM. . . . . . UX   UY   UZ  
   ANALYSIS TYPE . . . . . . . . . . . . . . . . .STATIC (STEADY-STATE)
   OFFSET TEMPERATURE FROM ABSOLUTE ZERO . . . . .  459.67    
   EQUATION SOLVER OPTION. . . . . . . . . . . . .PCG                
      TOLERANCE. . . . . . . . . . . . . . . . . . 1.00000E-08
   GLOBALLY ASSEMBLED MATRIX . . . . . . . . . . .SYMMETRIC  

 *** WARNING ***                         CP =       5.741   TIME= 12:52:02
 Material number 2 (used by element 107340 ) should normally have at     
 least one MP or one TB type command associated with it.  Output of      
 energy by material may not be available.                                

 *** NOTE ***                            CP =       5.975   TIME= 12:52:02
 The step data was checked and warning messages were found.              
  Please review output or errors file (                                  
 C:\Users\hughest1\EngineeringWorkspace\RGP005_AeroMounts\_ProjectScratc 
 ch\Scr9D50\file.err ) for these warning messages.                       

 *** NOTE ***                            CP =       5.975   TIME= 12:52:02
 The conditions for direct assembly have been met.  No .emat or .erot    
 files will be produced.                                                 

                      L O A D   S T E P   O P T I O N S

   LOAD STEP NUMBER. . . . . . . . . . . . . . . .     1
   TIME AT END OF THE LOAD STEP. . . . . . . . . .  1.0000    
   NUMBER OF SUBSTEPS. . . . . . . . . . . . . . .     1
   STEP CHANGE BOUNDARY CONDITIONS . . . . . . . .    NO
   PRINT OUTPUT CONTROLS . . . . . . . . . . . . .NO PRINTOUT
   DATABASE OUTPUT CONTROLS
      ITEM     FREQUENCY   COMPONENT
       ALL       NONE               
      NSOL        ALL               
      RSOL        ALL               
      STRS        ALL               
      EPEL        ALL               
      EPPL        ALL               


 SOLUTION MONITORING INFO IS WRITTEN TO FILE= file.mntr                                                                                                                                                                                                                                                           


 *** NOTE ***                            CP =       8.533   TIME= 12:52:04
 The PCG solver has automatically set the level of difficulty for this   
 model to 1.                                                             


                         ***********  PRECISE MASS SUMMARY  ***********

   TOTAL RIGID BODY MASS MATRIX ABOUT ORIGIN
               Translational mass               |   Coupled translational/rotational mass
        0.46756E-04    0.0000        0.0000     |     0.0000      -0.57630E-14  -0.36459E-04
         0.0000       0.46756E-04    0.0000     |    0.57630E-14    0.0000      -0.96434E-05
         0.0000        0.0000       0.46756E-04 |    0.36459E-04   0.96434E-05    0.0000    
     ------------------------------------------ | ------------------------------------------
                                                |         Rotational mass (inertia)
                                                |    0.35836E-04   0.77300E-05   0.62359E-15
                                                |    0.77300E-05   0.82353E-05   0.15462E-13
                                                |    0.62359E-15   0.15462E-13   0.36561E-04

   TOTAL MASS = 0.46756E-04
     The mass principal axes coincide with the global Cartesian axes

   CENTER OF MASS (X,Y,Z)=  -0.20625       0.77976      -0.12326E-09

   TOTAL INERTIA ABOUT CENTER OF MASS
        0.74072E-05   0.21039E-06   0.18122E-14
        0.21039E-06   0.62463E-05   0.10968E-13
        0.18122E-14   0.10968E-13   0.61429E-05

   PRINCIPAL INERTIAS =   0.74441E-05   0.62094E-05   0.61429E-05
   ORIENTATION VECTORS OF THE INERTIA PRINCIPAL AXES IN GLOBAL CARTESIAN
     ( 0.985, 0.173, 0.000) (-0.173, 0.985, 0.000) ( 0.000,-0.000, 1.000) 


  *** MASS SUMMARY BY ELEMENT TYPE ***

  TYPE      MASS
     1  0.467563E-04

 Range of element maximum matrix coefficients in global coordinates
 Maximum = 996693.307 at element 12704.                                  
 Minimum = 31987.6811 at element 14963.                                  

   *** ELEMENT MATRIX FORMULATION TIMES
  TYPE    NUMBER   ENAME      TOTAL CP  AVE CP

     1    107339  SOLID187     19.204   0.000179
     2      1548  SURF154       0.031   0.000020
     3      1656  SURF154       0.281   0.000170
 Time at end of element matrix formulation CP = 18.7045193.              
 curEqn=  25098  totEqn=  25098 Job CP sec=     16.199
      Factor Done= 100% Factor Wall sec=      0.069 rate=   10785.4 Mflops
 Iteration=    10 Ratio=  0.103807     Limit=  1.000000E-08 Wall=     0.6
 Iteration=    40 Ratio=  8.263149E-04 Limit=  1.000000E-08 Wall=     2.8
 Iteration=    80 Ratio=  2.654087E-06 Limit=  1.000000E-08 Wall=     5.7

 PRECONDITIONED SOLVER CP TIME      =    10.863
 PRECONDITIONED SOLVER ELAPSED TIME =    10.867

   *** ELEMENT RESULT CALCULATION TIMES
  TYPE    NUMBER   ENAME      TOTAL CP  AVE CP

     1    107339  SOLID187     12.605   0.000117
     2      1548  SURF154       0.094   0.000060
     3      1656  SURF154       0.078   0.000047

   *** NODAL LOAD CALCULATION TIMES
  TYPE    NUMBER   ENAME      TOTAL CP  AVE CP

     1    107339  SOLID187      0.437   0.000004
     2      1548  SURF154       0.000   0.000000
     3      1656  SURF154       0.000   0.000000
 *** LOAD STEP     1   SUBSTEP     1  COMPLETED.    CUM ITER =      1
 *** TIME =   1.00000         TIME INC =   1.00000      NEW TRIANG MATRIX


 *** ANSYS BINARY FILE STATISTICS
  BUFFER SIZE USED= 16384
       87.562 MB WRITTEN ON RESULTS FILE: file.rst
 *************** Write FE CONNECTORS *********

 WRITE OUT CONSTRAINT EQUATIONS TO FILE= file.ce                                                                                                                                                                                                                                                             
 ****************************************************
 *************** FINISHED SOLVE FOR LS 1 *************

 PARAMETER _DS_PROGRESS  DELETED.

 *GET  _WALLASOL  FROM  ACTI  ITEM=TIME WALL  VALUE=  12.8736111    

 PRINTOUT RESUMED BY /GOP

 *GET  _PCGITER  FROM  ACTI  ITEM=SOLU CGIT  VALUE=  117.000000    

 FINISH SOLUTION PROCESSING


 ***** ROUTINE COMPLETED *****  CP =        46.847



 *** ANSYS - ENGINEERING ANALYSIS SYSTEM  RELEASE Release 16.1     16.1     ***
 ANSYS Academic Research                           
 00202440  VERSION=WINDOWS x64   12:52:25  FEB 10, 2016 CP=     46.847

 WingTieRodBracketAnalysis--Static Structural (B5)                             



          ***** ANSYS RESULTS INTERPRETATION (POST1) *****

 *** NOTE ***                            CP =      46.847   TIME= 12:52:25
 Reading results into the database (SET command) will update the current 
 displacement and force boundary conditions in the database with the     
 values from the results file for that load set.  Note that any          
 subsequent solutions will use these values unless action is taken to    
 either SAVE the current values or not overwrite them (/EXIT,NOSAVE).    

 Set Encoding of XML File to:ISO-8859-1

 Set Output of XML File to:
     PARM,     ,     ,     ,     ,     ,     ,     ,     ,     ,     ,     ,
         ,     ,     ,     ,     ,     ,     ,

 DATABASE WRITTEN ON FILE  parm.xml                                                                                                                                                                                                                                                            

 EXIT THE ANSYS POST1 DATABASE PROCESSOR


 ***** ROUTINE COMPLETED *****  CP =        46.847



 PRINTOUT RESUMED BY /GOP

 *GET  _WALLDONE  FROM  ACTI  ITEM=TIME WALL  VALUE=  12.8736111    

 PARAMETER _PREPTIME =     1.000000000    

 PARAMETER _SOLVTIME =     24.00000000    

 PARAMETER _POSTTIME =     0.000000000    

 PARAMETER _TOTALTIM =     25.00000000    

 EXIT ANSYS WITHOUT SAVING DATABASE


 NUMBER OF WARNING MESSAGES ENCOUNTERED=          2
 NUMBER OF ERROR   MESSAGES ENCOUNTERED=          0

+--------------------- A N S Y S   S T A T I S T I C S ------------------------+

Release: Release 16.1       Build: 16.1       Update: UP20150325   Platform: WINDOWS x64 
Date Run: 02/10/2016   Time: 12:52
Windows Process ID:        34004

Processor Model: Intel(R) Core(TM) i7-4710MQ CPU @ 2.50GHz

Compiler: Intel(R) FORTRAN Compiler Version 14.0.0  (Build: 20140422)
          Intel(R) C/C++ Compiler Version 14.0.0  (Build: 20140422)
          Intel(R) Math Kernel Library Version 11.1.3 Product Build 20140917

Total number of cores available         :    8
Number of physical cores available      :    4
Number of processes requested           :    1
Number of threads per process requested :    2
Total number of cores requested         :    2 (Shared Memory Parallel)                    

GPU Acceleration: Not Requested

Job Name: file
Working Directory: C:\Users\hughest1\EngineeringWorkspace\RGP005_AeroMounts\_ProjectScratch\Scr9D50

Total CPU time for main thread                    :       26.1 seconds
Total CPU time summed for all threads             :       46.9 seconds

Elapsed time spent pre-processing model (/PREP7)  :        1.2 seconds
Elapsed time spent solution - preprocessing       :        2.5 seconds
Elapsed time spent computing solution             :       20.4 seconds
Elapsed time spent solution - postprocessing      :        0.0 seconds
Elapsed time spent post-processing model (/POST1) :        0.0 seconds

Equation solver computational rate                :     3663.1 Mflops

Maximum total memory used                         :      592.0 MB
Maximum total memory allocated                    :     2112.0 MB
Maximum total memory available                    :          8 GB

+------------------ E N D   A N S Y S   S T A T I S T I C S -------------------+


 *---------------------------------------------------------------------------*
 |                                                                           |
 |                            ANSYS RUN COMPLETED                            |
 |                                                                           |
 |---------------------------------------------------------------------------|
 |                                                                           |
 | Ansys Release 16.1          Build 16.1         UP20150325     WINDOWS x64 |
 |                                                                           |
 |---------------------------------------------------------------------------|
 |                                                                           |
 | Database Requested(-db)  1024 MB    Scratch Memory Requested      1024 MB |
 | Maximum Database Used     121 MB    Maximum Scratch Memory Used    471 MB |
 |                                                                           |
 |---------------------------------------------------------------------------|
 |                                                                           |
 |        CP Time      (sec) =         46.863       Time  =  12:52:26        |
 |        Elapsed Time (sec) =         32.000       Date  =  02/10/2016      |
 |                                                                           |
 *---------------------------------------------------------------------------*
